<?xml version="1.0" encoding="UTF-8"?>
<testsuite xmlns:xsi="http://www.w3.org/2001/XMLSchema-instance" xsi:noNamespaceSchemaLocation="https://maven.apache.org/surefire/maven-surefire-plugin/xsd/surefire-test-report-3.0.xsd" version="3.0" name="com.example.jsonwar.JsonWarApplicationTests" time="4.219" tests="1" errors="0" skipped="0" failures="0">
  <properties>
[...]
</properties>
  <testcase name="contextLoads" classname="com.example.jsonwar.JsonWarApplicationTests" time="1.112">
    <system-out><![CDATA[13:54:53.674 [main] INFO org.springframework.test.context.support.AnnotationConfigContextLoaderUtils -- Could not detect default configuration classes for test class [com.example.jsonwar.JsonWarApplicationTests]: JsonWarApplicationTests does not declare any static, non-private, non-final, nested classes annotated with @Configuration.
13:54:53.783 [main] INFO org.springframework.boot.test.context.SpringBootTestContextBootstrapper -- Found @SpringBootConfiguration com.example.jsonwar.JsonWarApplication for test class com.example.jsonwar.JsonWarApplicationTests
13:54:53.976 [main] INFO org.springframework.boot.devtools.restart.RestartApplicationListener -- Restart disabled due to context in which it is running

  .   ____          _            __ _ _
 /\\ / ___'_ __ _ _(_)_ __  __ _ \ \ \ \
( ( )\___ | '_ | '_| | '_ \/ _` | \ \ \ \
 \\/  ___)| |_)| | | | | || (_| |  ) ) ) )
  '  |____| .__|_| |_|_| |_\__, | / / / /
 =========|_|==============|___/=/_/_/_/

 :: Spring Boot ::                (v3.3.2)

2024-09-17T13:54:54.281-03:00  INFO 16184 --- [JsonWar] [           main] c.e.jsonwar.JsonWarApplicationTests      : Starting JsonWarApplicationTests using Java 21.0.4 with PID 16184 (started by gbisio_itlatingroup in C:\Users\gbisio_itlatingroup\Desktop\FICOHSA\JsonWar)
2024-09-17T13:54:54.284-03:00  INFO 16184 --- [JsonWar] [           main] c.e.jsonwar.JsonWarApplicationTests      : No active profile set, falling back to 1 default profile: "default"
2024-09-17T13:54:56.358-03:00  INFO 16184 --- [JsonWar] [           main] o.s.b.a.e.web.EndpointLinksResolver      : Exposing 1 endpoint beneath base path '/actuator'
2024-09-17T13:54:56.441-03:00  INFO 16184 --- [JsonWar] [           main] c.e.jsonwar.JsonWarApplicationTests      : Started JsonWarApplicationTests in 2.478 seconds (process running for 3.504)
]]></system-out>
    <system-err><![CDATA[WARNING: A Java agent has been loaded dynamically (C:\Users\gbisio_itlatingroup\.m2\repository\net\bytebuddy\byte-buddy-agent\1.14.18\byte-buddy-agent-1.14.18.jar)
WARNING: If a serviceability tool is in use, please run with -XX:+EnableDynamicAgentLoading to hide this warning
WARNING: If a serviceability tool is not in use, please run with -Djdk.instrument.traceUsage for more information
WARNING: Dynamic loading of agents will be disallowed by default in a future release
]]></system-err>
  </testcase>
</testsuite>